28-Apr-2025 10:53:55.511 정보 [Thread-6] org.apache.coyote.AbstractProtocol.pause Pausing ProtocolHandler ["http-nio-8080"]
28-Apr-2025 10:53:55.564 정보 [Thread-6] org.apache.coyote.AbstractProtocol.pause Pausing ProtocolHandler ["ajp-nio-8009"]
28-Apr-2025 10:53:55.614 정보 [Thread-6] org.apache.catalina.core.StandardService.stopInternal Stopping service Catalina
28-Apr-2025 10:53:55.681 정보 [Thread-6] org.apache.coyote.AbstractProtocol.stop Stopping ProtocolHandler ["http-nio-8080"]
28-Apr-2025 10:53:55.681 정보 [Thread-6] org.apache.coyote.AbstractProtocol.stop Stopping ProtocolHandler ["ajp-nio-8009"]
28-Apr-2025 10:53:58.423 정보 [main] org.apache.catalina.startup.VersionLoggerListener.log Server version:        Apache Tomcat/8.0.53
28-Apr-2025 10:53:58.426 정보 [main] org.apache.catalina.startup.VersionLoggerListener.log Server built:          Jun 29 2018 14:42:45 UTC
28-Apr-2025 10:53:58.426 정보 [main] org.apache.catalina.startup.VersionLoggerListener.log Server number:         8.0.53.0
28-Apr-2025 10:53:58.426 정보 [main] org.apache.catalina.startup.VersionLoggerListener.log OS Name:               Windows 10
28-Apr-2025 10:53:58.427 정보 [main] org.apache.catalina.startup.VersionLoggerListener.log OS Version:            10.0
28-Apr-2025 10:53:58.427 정보 [main] org.apache.catalina.startup.VersionLoggerListener.log Architecture:          amd64
28-Apr-2025 10:53:58.427 정보 [main] org.apache.catalina.startup.VersionLoggerListener.log Java Home:             C:\Program Files\Java\jre1.8.0_171
28-Apr-2025 10:53:58.427 정보 [main] org.apache.catalina.startup.VersionLoggerListener.log JVM Version:           1.8.0_171-b11
28-Apr-2025 10:53:58.427 정보 [main] org.apache.catalina.startup.VersionLoggerListener.log JVM Vendor:            Oracle Corporation
28-Apr-2025 10:53:58.427 정보 [main] org.apache.catalina.startup.VersionLoggerListener.log CATALINA_BASE:         C:\Users\hi\Desktop\job\tomcat8.0
28-Apr-2025 10:53:58.427 정보 [main] org.apache.catalina.startup.VersionLoggerListener.log CATALINA_HOME:         C:\Users\hi\Desktop\job\tomcat8.0
28-Apr-2025 10:53:58.427 정보 [main] org.apache.catalina.startup.VersionLoggerListener.log Command line argument: -Dcatalina.home=C:\Users\hi\Desktop\job\tomcat8.0
28-Apr-2025 10:53:58.427 정보 [main] org.apache.catalina.startup.VersionLoggerListener.log Command line argument: -Dcatalina.base=C:\Users\hi\Desktop\job\tomcat8.0
28-Apr-2025 10:53:58.427 정보 [main] org.apache.catalina.startup.VersionLoggerListener.log Command line argument: -Djava.io.tmpdir=C:\Users\hi\Desktop\job\tomcat8.0\temp
28-Apr-2025 10:53:58.427 정보 [main] org.apache.catalina.startup.VersionLoggerListener.log Command line argument: -Djava.util.logging.manager=org.apache.juli.ClassLoaderLogManager
28-Apr-2025 10:53:58.427 정보 [main] org.apache.catalina.startup.VersionLoggerListener.log Command line argument: -Djava.util.logging.config.file=C:\Users\hi\Desktop\job\tomcat8.0\conf\logging.properties
28-Apr-2025 10:53:58.427 정보 [main] org.apache.catalina.startup.VersionLoggerListener.log Command line argument: exit
28-Apr-2025 10:53:58.428 정보 [main] org.apache.catalina.startup.VersionLoggerListener.log Command line argument: abort
28-Apr-2025 10:53:58.428 정보 [main] org.apache.catalina.startup.VersionLoggerListener.log Command line argument: -Xms128m
28-Apr-2025 10:53:58.428 정보 [main] org.apache.catalina.startup.VersionLoggerListener.log Command line argument: -Xmx256m
28-Apr-2025 10:53:58.428 정보 [main] org.apache.catalina.core.AprLifecycleListener.lifecycleEvent The APR based Apache Tomcat Native library which allows optimal performance in production environments was not found on the java.library.path: C:\Users\hi\Desktop\job\tomcat8.0\bin;C:\WINDOWS\Sun\Java\bin;C:\WINDOWS\system32;C:\WINDOWS;C:\WINDOWS\system32;C:\WINDOWS;C:\WINDOWS\System32\Wbem;C:\WINDOWS\System32\WindowsPowerShell\v1.0\;C:\WINDOWS\System32\OpenSSH\;C:\Program Files (x86)\Intel\Intel(R) Management Engine Components\DAL;C:\Program Files\Intel\Intel(R) Management Engine Components\DAL;C:\Program Files\Git\cmd;C:\Program Files (x86)\Common Files\Oracle\Java\javapath;%NVM_HOME%;%NVM_SYMLINK%;C:\WINDOWS\system32\config\systemprofile\AppData\Local\Microsoft\WindowsApps;.
28-Apr-2025 10:53:58.527 정보 [main] org.apache.coyote.AbstractProtocol.init Initializing ProtocolHandler ["http-nio-8080"]
28-Apr-2025 10:53:58.633 정보 [main] org.apache.tomcat.util.net.NioSelectorPool.getSharedSelector Using a shared selector for servlet write/read
28-Apr-2025 10:53:58.638 정보 [main] org.apache.coyote.AbstractProtocol.init Initializing ProtocolHandler ["ajp-nio-8009"]
28-Apr-2025 10:53:58.638 정보 [main] org.apache.tomcat.util.net.NioSelectorPool.getSharedSelector Using a shared selector for servlet write/read
28-Apr-2025 10:53:58.638 정보 [main] org.apache.catalina.startup.Catalina.load Initialization processed in 510 ms
28-Apr-2025 10:53:58.662 정보 [main] org.apache.catalina.core.StandardService.startInternal Starting service Catalina
28-Apr-2025 10:53:58.662 정보 [main] org.apache.catalina.core.StandardEngine.startInternal Starting Servlet Engine: Apache Tomcat/8.0.53
28-Apr-2025 10:53:58.670 정보 [localhost-startStop-1] org.apache.catalina.startup.HostConfig.deployDirectory Deploying web application directory C:\Users\hi\Desktop\job\tomcat8.0\webapps\docs
28-Apr-2025 10:53:58.897 정보 [localhost-startStop-1] org.apache.catalina.startup.HostConfig.deployDirectory Deployment of web application directory C:\Users\hi\Desktop\job\tomcat8.0\webapps\docs has finished in 227 ms
28-Apr-2025 10:53:58.897 정보 [localhost-startStop-1] org.apache.catalina.startup.HostConfig.deployDirectory Deploying web application directory C:\Users\hi\Desktop\job\tomcat8.0\webapps\manager
28-Apr-2025 10:53:58.922 정보 [localhost-startStop-1] org.apache.catalina.startup.HostConfig.deployDirectory Deployment of web application directory C:\Users\hi\Desktop\job\tomcat8.0\webapps\manager has finished in 25 ms
28-Apr-2025 10:53:58.922 정보 [localhost-startStop-1] org.apache.catalina.startup.HostConfig.deployDirectory Deploying web application directory C:\Users\hi\Desktop\job\tomcat8.0\webapps\ROOT
28-Apr-2025 10:53:58.959 정보 [localhost-startStop-1] org.apache.jasper.servlet.TldScanner.scanJars At least one JAR was scanned for TLDs yet contained no TLDs. Enable debug logging for this logger for a complete list of JARs that were scanned but no TLDs were found in them. Skipping unneeded JARs during scanning can improve startup time and JSP compilation time.
28-Apr-2025 10:53:58.969 정보 [localhost-startStop-1] org.apache.catalina.startup.HostConfig.deployDirectory Deployment of web application directory C:\Users\hi\Desktop\job\tomcat8.0\webapps\ROOT has finished in 47 ms
28-Apr-2025 10:53:58.972 정보 [main] org.apache.coyote.AbstractProtocol.start Starting ProtocolHandler ["http-nio-8080"]
28-Apr-2025 10:53:58.972 정보 [main] org.apache.coyote.AbstractProtocol.start Starting ProtocolHandler ["ajp-nio-8009"]
28-Apr-2025 10:53:58.972 정보 [main] org.apache.catalina.startup.Catalina.start Server startup in 338 ms
28-Apr-2025 14:15:14.364 정보 [http-nio-8080-exec-3] org.apache.coyote.http11.AbstractHttp11Processor.process Error parsing HTTP request header
 Note: further occurrences of HTTP header parsing errors will be logged at DEBUG level.
 java.lang.IllegalArgumentException: Invalid character found in the request target. The valid characters are defined in RFC 7230 and RFC 3986
	at org.apache.coyote.http11.AbstractNioInputBuffer.parseRequestLine(AbstractNioInputBuffer.java:287)
	at org.apache.coyote.http11.AbstractHttp11Processor.process(AbstractHttp11Processor.java:1065)
	at org.apache.coyote.AbstractProtocol$AbstractConnectionHandler.process(AbstractProtocol.java:684)
	at org.apache.tomcat.util.net.NioEndpoint$SocketProcessor.doRun(NioEndpoint.java:1539)
	at org.apache.tomcat.util.net.NioEndpoint$SocketProcessor.run(NioEndpoint.java:1495)
	at java.util.concurrent.ThreadPoolExecutor.runWorker(Unknown Source)
	at java.util.concurrent.ThreadPoolExecutor$Worker.run(Unknown Source)
	at org.apache.tomcat.util.threads.TaskThread$WrappingRunnable.run(TaskThread.java:61)
	at java.lang.Thread.run(Unknown Source)

