22-Apr-2025 09:50:20.354 정보 [main] org.apache.catalina.startup.VersionLoggerListener.log Server version:        Apache Tomcat/8.0.53
22-Apr-2025 09:50:20.354 정보 [main] org.apache.catalina.startup.VersionLoggerListener.log Server built:          Jun 29 2018 14:42:45 UTC
22-Apr-2025 09:50:20.354 정보 [main] org.apache.catalina.startup.VersionLoggerListener.log Server number:         8.0.53.0
22-Apr-2025 09:50:20.354 정보 [main] org.apache.catalina.startup.VersionLoggerListener.log OS Name:               Windows 10
22-Apr-2025 09:50:20.354 정보 [main] org.apache.catalina.startup.VersionLoggerListener.log OS Version:            10.0
22-Apr-2025 09:50:20.354 정보 [main] org.apache.catalina.startup.VersionLoggerListener.log Architecture:          amd64
22-Apr-2025 09:50:20.354 정보 [main] org.apache.catalina.startup.VersionLoggerListener.log Java Home:             C:\Program Files\Java\jre1.8.0_171
22-Apr-2025 09:50:20.354 정보 [main] org.apache.catalina.startup.VersionLoggerListener.log JVM Version:           1.8.0_171-b11
22-Apr-2025 09:50:20.354 정보 [main] org.apache.catalina.startup.VersionLoggerListener.log JVM Vendor:            Oracle Corporation
22-Apr-2025 09:50:20.354 정보 [main] org.apache.catalina.startup.VersionLoggerListener.log CATALINA_BASE:         C:\Program Files\Apache Software Foundation\Tomcat 8.0
22-Apr-2025 09:50:20.354 정보 [main] org.apache.catalina.startup.VersionLoggerListener.log CATALINA_HOME:         C:\Program Files\Apache Software Foundation\Tomcat 8.0
22-Apr-2025 09:50:20.354 정보 [main] org.apache.catalina.startup.VersionLoggerListener.log Command line argument: -Dcatalina.home=C:\Program Files\Apache Software Foundation\Tomcat 8.0
22-Apr-2025 09:50:20.354 정보 [main] org.apache.catalina.startup.VersionLoggerListener.log Command line argument: -Dcatalina.base=C:\Program Files\Apache Software Foundation\Tomcat 8.0
22-Apr-2025 09:50:20.354 정보 [main] org.apache.catalina.startup.VersionLoggerListener.log Command line argument: -Djava.io.tmpdir=C:\Program Files\Apache Software Foundation\Tomcat 8.0\temp
22-Apr-2025 09:50:20.354 정보 [main] org.apache.catalina.startup.VersionLoggerListener.log Command line argument: -Djava.util.logging.manager=org.apache.juli.ClassLoaderLogManager
22-Apr-2025 09:50:20.354 정보 [main] org.apache.catalina.startup.VersionLoggerListener.log Command line argument: -Djava.util.logging.config.file=C:\Program Files\Apache Software Foundation\Tomcat 8.0\conf\logging.properties
22-Apr-2025 09:50:20.354 정보 [main] org.apache.catalina.startup.VersionLoggerListener.log Command line argument: exit
22-Apr-2025 09:50:20.354 정보 [main] org.apache.catalina.startup.VersionLoggerListener.log Command line argument: abort
22-Apr-2025 09:50:20.354 정보 [main] org.apache.catalina.startup.VersionLoggerListener.log Command line argument: -Xms128m
22-Apr-2025 09:50:20.354 정보 [main] org.apache.catalina.startup.VersionLoggerListener.log Command line argument: -Xmx256m
22-Apr-2025 09:50:20.354 정보 [main] org.apache.catalina.core.AprLifecycleListener.lifecycleEvent The APR based Apache Tomcat Native library which allows optimal performance in production environments was not found on the java.library.path: C:\Program Files\Apache Software Foundation\Tomcat 8.0\bin;C:\WINDOWS\Sun\Java\bin;C:\WINDOWS\system32;C:\WINDOWS;C:\WINDOWS\system32;C:\WINDOWS;C:\WINDOWS\System32\Wbem;C:\WINDOWS\System32\WindowsPowerShell\v1.0\;C:\WINDOWS\System32\OpenSSH\;C:\Program Files (x86)\Intel\Intel(R) Management Engine Components\DAL;C:\Program Files\Intel\Intel(R) Management Engine Components\DAL;C:\Program Files\Git\cmd;C:\Program Files (x86)\Common Files\Oracle\Java\javapath;C:\WINDOWS\system32\config\systemprofile\AppData\Local\Microsoft\WindowsApps;.
22-Apr-2025 09:50:20.482 정보 [main] org.apache.coyote.AbstractProtocol.init Initializing ProtocolHandler ["http-nio-8080"]
22-Apr-2025 09:50:20.593 정보 [main] org.apache.tomcat.util.net.NioSelectorPool.getSharedSelector Using a shared selector for servlet write/read
22-Apr-2025 09:50:20.593 정보 [main] org.apache.coyote.AbstractProtocol.init Initializing ProtocolHandler ["ajp-nio-8009"]
22-Apr-2025 09:50:20.593 정보 [main] org.apache.tomcat.util.net.NioSelectorPool.getSharedSelector Using a shared selector for servlet write/read
22-Apr-2025 09:50:20.593 정보 [main] org.apache.catalina.startup.Catalina.load Initialization processed in 540 ms
22-Apr-2025 09:50:20.613 정보 [main] org.apache.catalina.core.StandardService.startInternal Starting service Catalina
22-Apr-2025 09:50:20.613 정보 [main] org.apache.catalina.core.StandardEngine.startInternal Starting Servlet Engine: Apache Tomcat/8.0.53
22-Apr-2025 09:50:20.613 정보 [localhost-startStop-1] org.apache.catalina.startup.HostConfig.deployDirectory Deploying web application directory C:\Program Files\Apache Software Foundation\Tomcat 8.0\webapps\docs
22-Apr-2025 09:50:20.793 정보 [localhost-startStop-1] org.apache.catalina.startup.HostConfig.deployDirectory Deployment of web application directory C:\Program Files\Apache Software Foundation\Tomcat 8.0\webapps\docs has finished in 180 ms
22-Apr-2025 09:50:20.793 정보 [localhost-startStop-1] org.apache.catalina.startup.HostConfig.deployDirectory Deploying web application directory C:\Program Files\Apache Software Foundation\Tomcat 8.0\webapps\manager
22-Apr-2025 09:50:20.815 정보 [localhost-startStop-1] org.apache.catalina.startup.HostConfig.deployDirectory Deployment of web application directory C:\Program Files\Apache Software Foundation\Tomcat 8.0\webapps\manager has finished in 22 ms
22-Apr-2025 09:50:20.815 정보 [localhost-startStop-1] org.apache.catalina.startup.HostConfig.deployDirectory Deploying web application directory C:\Program Files\Apache Software Foundation\Tomcat 8.0\webapps\ROOT
22-Apr-2025 09:50:20.827 정보 [localhost-startStop-1] org.apache.catalina.startup.HostConfig.deployDirectory Deployment of web application directory C:\Program Files\Apache Software Foundation\Tomcat 8.0\webapps\ROOT has finished in 12 ms
22-Apr-2025 09:50:20.831 정보 [main] org.apache.coyote.AbstractProtocol.start Starting ProtocolHandler ["http-nio-8080"]
22-Apr-2025 09:50:20.835 정보 [main] org.apache.coyote.AbstractProtocol.start Starting ProtocolHandler ["ajp-nio-8009"]
22-Apr-2025 09:50:20.835 정보 [main] org.apache.catalina.startup.Catalina.start Server startup in 237 ms
22-Apr-2025 09:51:31.975 심각 [ajp-nio-8009-exec-1] org.apache.coyote.ajp.AjpMessage.processHeader Invalid message received with signature 18245
22-Apr-2025 09:51:33.029 심각 [ajp-nio-8009-exec-2] org.apache.coyote.ajp.AjpMessage.processHeader Invalid message received with signature 18245
22-Apr-2025 09:51:33.031 심각 [ajp-nio-8009-exec-3] org.apache.coyote.ajp.AjpMessage.processHeader Invalid message received with signature 18245
22-Apr-2025 09:51:38.079 심각 [ajp-nio-8009-exec-4] org.apache.coyote.ajp.AjpMessage.processHeader Invalid message received with signature 18245
22-Apr-2025 09:59:49.222 정보 [Thread-6] org.apache.coyote.AbstractProtocol.pause Pausing ProtocolHandler ["http-nio-8080"]
22-Apr-2025 09:59:49.302 정보 [Thread-6] org.apache.coyote.AbstractProtocol.pause Pausing ProtocolHandler ["ajp-nio-8009"]
22-Apr-2025 09:59:49.365 정보 [Thread-6] org.apache.catalina.core.StandardService.stopInternal Stopping service Catalina
22-Apr-2025 09:59:49.365 정보 [Thread-6] org.apache.coyote.AbstractProtocol.stop Stopping ProtocolHandler ["http-nio-8080"]
22-Apr-2025 09:59:49.378 정보 [Thread-6] org.apache.coyote.AbstractProtocol.stop Stopping ProtocolHandler ["ajp-nio-8009"]
22-Apr-2025 10:06:12.993 정보 [main] org.apache.catalina.startup.VersionLoggerListener.log Server version:        Apache Tomcat/8.0.53
22-Apr-2025 10:06:12.993 정보 [main] org.apache.catalina.startup.VersionLoggerListener.log Server built:          Jun 29 2018 14:42:45 UTC
22-Apr-2025 10:06:12.993 정보 [main] org.apache.catalina.startup.VersionLoggerListener.log Server number:         8.0.53.0
22-Apr-2025 10:06:12.993 정보 [main] org.apache.catalina.startup.VersionLoggerListener.log OS Name:               Windows 10
22-Apr-2025 10:06:12.993 정보 [main] org.apache.catalina.startup.VersionLoggerListener.log OS Version:            10.0
22-Apr-2025 10:06:12.993 정보 [main] org.apache.catalina.startup.VersionLoggerListener.log Architecture:          amd64
22-Apr-2025 10:06:12.993 정보 [main] org.apache.catalina.startup.VersionLoggerListener.log Java Home:             C:\Program Files\Java\jre1.8.0_171
22-Apr-2025 10:06:12.993 정보 [main] org.apache.catalina.startup.VersionLoggerListener.log JVM Version:           1.8.0_171-b11
22-Apr-2025 10:06:12.993 정보 [main] org.apache.catalina.startup.VersionLoggerListener.log JVM Vendor:            Oracle Corporation
22-Apr-2025 10:06:12.993 정보 [main] org.apache.catalina.startup.VersionLoggerListener.log CATALINA_BASE:         C:\Users\hi\Desktop\job\tomcat8.0
22-Apr-2025 10:06:12.993 정보 [main] org.apache.catalina.startup.VersionLoggerListener.log CATALINA_HOME:         C:\Users\hi\Desktop\job\tomcat8.0
22-Apr-2025 10:06:12.993 정보 [main] org.apache.catalina.startup.VersionLoggerListener.log Command line argument: -Dcatalina.home=C:\Users\hi\Desktop\job\tomcat8.0
22-Apr-2025 10:06:12.993 정보 [main] org.apache.catalina.startup.VersionLoggerListener.log Command line argument: -Dcatalina.base=C:\Users\hi\Desktop\job\tomcat8.0
22-Apr-2025 10:06:12.993 정보 [main] org.apache.catalina.startup.VersionLoggerListener.log Command line argument: -Djava.io.tmpdir=C:\Users\hi\Desktop\job\tomcat8.0\temp
22-Apr-2025 10:06:12.993 정보 [main] org.apache.catalina.startup.VersionLoggerListener.log Command line argument: -Djava.util.logging.manager=org.apache.juli.ClassLoaderLogManager
22-Apr-2025 10:06:12.993 정보 [main] org.apache.catalina.startup.VersionLoggerListener.log Command line argument: -Djava.util.logging.config.file=C:\Users\hi\Desktop\job\tomcat8.0\conf\logging.properties
22-Apr-2025 10:06:12.993 정보 [main] org.apache.catalina.startup.VersionLoggerListener.log Command line argument: exit
22-Apr-2025 10:06:12.993 정보 [main] org.apache.catalina.startup.VersionLoggerListener.log Command line argument: abort
22-Apr-2025 10:06:12.993 정보 [main] org.apache.catalina.startup.VersionLoggerListener.log Command line argument: -Xms128m
22-Apr-2025 10:06:12.993 정보 [main] org.apache.catalina.startup.VersionLoggerListener.log Command line argument: -Xmx256m
22-Apr-2025 10:06:12.993 정보 [main] org.apache.catalina.core.AprLifecycleListener.lifecycleEvent The APR based Apache Tomcat Native library which allows optimal performance in production environments was not found on the java.library.path: C:\Users\hi\Desktop\job\tomcat8.0\bin;C:\WINDOWS\Sun\Java\bin;C:\WINDOWS\system32;C:\WINDOWS;C:\WINDOWS\system32;C:\WINDOWS;C:\WINDOWS\System32\Wbem;C:\WINDOWS\System32\WindowsPowerShell\v1.0\;C:\WINDOWS\System32\OpenSSH\;C:\Program Files (x86)\Intel\Intel(R) Management Engine Components\DAL;C:\Program Files\Intel\Intel(R) Management Engine Components\DAL;C:\Program Files\Git\cmd;C:\Program Files (x86)\Common Files\Oracle\Java\javapath;C:\WINDOWS\system32\config\systemprofile\AppData\Local\Microsoft\WindowsApps;.
22-Apr-2025 10:06:13.104 정보 [main] org.apache.coyote.AbstractProtocol.init Initializing ProtocolHandler ["http-nio-8080"]
22-Apr-2025 10:06:13.201 정보 [main] org.apache.tomcat.util.net.NioSelectorPool.getSharedSelector Using a shared selector for servlet write/read
22-Apr-2025 10:06:13.215 정보 [main] org.apache.coyote.AbstractProtocol.init Initializing ProtocolHandler ["ajp-nio-8009"]
22-Apr-2025 10:06:13.215 정보 [main] org.apache.tomcat.util.net.NioSelectorPool.getSharedSelector Using a shared selector for servlet write/read
22-Apr-2025 10:06:13.215 정보 [main] org.apache.catalina.startup.Catalina.load Initialization processed in 458 ms
22-Apr-2025 10:06:13.236 정보 [main] org.apache.catalina.core.StandardService.startInternal Starting service Catalina
22-Apr-2025 10:06:13.236 정보 [main] org.apache.catalina.core.StandardEngine.startInternal Starting Servlet Engine: Apache Tomcat/8.0.53
22-Apr-2025 10:06:13.243 정보 [localhost-startStop-1] org.apache.catalina.startup.HostConfig.deployDirectory Deploying web application directory C:\Users\hi\Desktop\job\tomcat8.0\webapps\docs
22-Apr-2025 10:06:13.477 정보 [localhost-startStop-1] org.apache.catalina.startup.HostConfig.deployDirectory Deployment of web application directory C:\Users\hi\Desktop\job\tomcat8.0\webapps\docs has finished in 234 ms
22-Apr-2025 10:06:13.477 정보 [localhost-startStop-1] org.apache.catalina.startup.HostConfig.deployDirectory Deploying web application directory C:\Users\hi\Desktop\job\tomcat8.0\webapps\manager
22-Apr-2025 10:06:13.504 정보 [localhost-startStop-1] org.apache.catalina.startup.HostConfig.deployDirectory Deployment of web application directory C:\Users\hi\Desktop\job\tomcat8.0\webapps\manager has finished in 27 ms
22-Apr-2025 10:06:13.504 정보 [localhost-startStop-1] org.apache.catalina.startup.HostConfig.deployDirectory Deploying web application directory C:\Users\hi\Desktop\job\tomcat8.0\webapps\ROOT
22-Apr-2025 10:06:13.520 정보 [localhost-startStop-1] org.apache.catalina.startup.HostConfig.deployDirectory Deployment of web application directory C:\Users\hi\Desktop\job\tomcat8.0\webapps\ROOT has finished in 16 ms
22-Apr-2025 10:06:13.522 정보 [main] org.apache.coyote.AbstractProtocol.start Starting ProtocolHandler ["http-nio-8080"]
22-Apr-2025 10:06:13.528 정보 [main] org.apache.coyote.AbstractProtocol.start Starting ProtocolHandler ["ajp-nio-8009"]
22-Apr-2025 10:06:13.530 정보 [main] org.apache.catalina.startup.Catalina.start Server startup in 311 ms
22-Apr-2025 12:38:45.450 정보 [ContainerBackgroundProcessor[StandardEngine[Catalina]]] org.apache.catalina.startup.HostConfig.reload Reloading context []
22-Apr-2025 12:38:45.451 정보 [ContainerBackgroundProcessor[StandardEngine[Catalina]]] org.apache.catalina.core.StandardContext.reload Reloading Context with name [] has started
22-Apr-2025 12:38:45.538 정보 [ContainerBackgroundProcessor[StandardEngine[Catalina]]] org.apache.catalina.core.StandardContext.reload Reloading Context with name [] is completed
22-Apr-2025 12:38:45.538 정보 [ContainerBackgroundProcessor[StandardEngine[Catalina]]] org.apache.catalina.startup.HostConfig.reload Reloading context [/manager]
22-Apr-2025 12:38:45.538 정보 [ContainerBackgroundProcessor[StandardEngine[Catalina]]] org.apache.catalina.core.StandardContext.reload Reloading Context with name [/manager] has started
22-Apr-2025 12:38:45.554 정보 [ContainerBackgroundProcessor[StandardEngine[Catalina]]] org.apache.catalina.core.StandardContext.reload Reloading Context with name [/manager] is completed
22-Apr-2025 12:38:45.554 정보 [ContainerBackgroundProcessor[StandardEngine[Catalina]]] org.apache.catalina.startup.HostConfig.reload Reloading context [/docs]
22-Apr-2025 12:38:45.554 정보 [ContainerBackgroundProcessor[StandardEngine[Catalina]]] org.apache.catalina.core.StandardContext.reload Reloading Context with name [/docs] has started
22-Apr-2025 12:38:45.566 정보 [ContainerBackgroundProcessor[StandardEngine[Catalina]]] org.apache.catalina.core.StandardContext.reload Reloading Context with name [/docs] is completed
22-Apr-2025 12:39:25.616 정보 [ContainerBackgroundProcessor[StandardEngine[Catalina]]] org.apache.catalina.startup.HostConfig.reload Reloading context []
22-Apr-2025 12:39:25.616 정보 [ContainerBackgroundProcessor[StandardEngine[Catalina]]] org.apache.catalina.core.StandardContext.reload Reloading Context with name [] has started
22-Apr-2025 12:39:25.707 정보 [ContainerBackgroundProcessor[StandardEngine[Catalina]]] org.apache.catalina.core.StandardContext.reload Reloading Context with name [] is completed
22-Apr-2025 12:39:25.708 정보 [ContainerBackgroundProcessor[StandardEngine[Catalina]]] org.apache.catalina.startup.HostConfig.reload Reloading context [/manager]
22-Apr-2025 12:39:25.708 정보 [ContainerBackgroundProcessor[StandardEngine[Catalina]]] org.apache.catalina.core.StandardContext.reload Reloading Context with name [/manager] has started
22-Apr-2025 12:39:25.749 정보 [ContainerBackgroundProcessor[StandardEngine[Catalina]]] org.apache.catalina.core.StandardContext.reload Reloading Context with name [/manager] is completed
22-Apr-2025 12:39:25.749 정보 [ContainerBackgroundProcessor[StandardEngine[Catalina]]] org.apache.catalina.startup.HostConfig.reload Reloading context [/docs]
22-Apr-2025 12:39:25.750 정보 [ContainerBackgroundProcessor[StandardEngine[Catalina]]] org.apache.catalina.core.StandardContext.reload Reloading Context with name [/docs] has started
22-Apr-2025 12:39:25.760 정보 [ContainerBackgroundProcessor[StandardEngine[Catalina]]] org.apache.catalina.core.StandardContext.reload Reloading Context with name [/docs] is completed
22-Apr-2025 14:46:07.595 정보 [ContainerBackgroundProcessor[StandardEngine[Catalina]]] org.apache.catalina.startup.HostConfig.reload Reloading context []
22-Apr-2025 14:46:07.595 정보 [ContainerBackgroundProcessor[StandardEngine[Catalina]]] org.apache.catalina.core.StandardContext.reload Reloading Context with name [] has started
22-Apr-2025 14:46:07.667 정보 [ContainerBackgroundProcessor[StandardEngine[Catalina]]] org.apache.catalina.core.StandardContext.reload Reloading Context with name [] is completed
22-Apr-2025 14:46:07.676 정보 [ContainerBackgroundProcessor[StandardEngine[Catalina]]] org.apache.catalina.startup.HostConfig.reload Reloading context [/manager]
22-Apr-2025 14:46:07.676 정보 [ContainerBackgroundProcessor[StandardEngine[Catalina]]] org.apache.catalina.core.StandardContext.reload Reloading Context with name [/manager] has started
22-Apr-2025 14:46:07.691 정보 [ContainerBackgroundProcessor[StandardEngine[Catalina]]] org.apache.catalina.core.StandardContext.reload Reloading Context with name [/manager] is completed
22-Apr-2025 14:46:07.692 정보 [ContainerBackgroundProcessor[StandardEngine[Catalina]]] org.apache.catalina.startup.HostConfig.reload Reloading context [/docs]
22-Apr-2025 14:46:07.692 정보 [ContainerBackgroundProcessor[StandardEngine[Catalina]]] org.apache.catalina.core.StandardContext.reload Reloading Context with name [/docs] has started
22-Apr-2025 14:46:07.702 정보 [ContainerBackgroundProcessor[StandardEngine[Catalina]]] org.apache.catalina.core.StandardContext.reload Reloading Context with name [/docs] is completed
