
2025-04-28 10:53:57 Commons Daemon procrun stdout initialized
request data: name=mr.Kim
request data: name=
request data: name=null
request data: name=null
request data: name=null
request data: name=undefined
request data: name=undefined
request data: name=undefined
request data: name=undefined
request data: name=undefined
request data: name=undefined
request data: name=undefined
request data: name=undefined
request data: name=undefined
request data: name=undefined
request data: name=undefined
request data: name=undefined
request data: name=undefined
request data: name=undefined
request data: name=undefined
request data: name=undefined
request data: name=undefined
request data: name=undefined
request data: name=undefined
request data: name=undefined
request data: name=undefined
request data: name=undefined
request data: name=undefined
request data: name=undefined
request data: name=undefined
request data: name=undefined
request data: name=undefined
request data: name=undefined
request data: name=undefined
request data: name=undefined
request data: name=undefined
request data: name=undefined
request data: name=undefined
request data: name=undefined
request data: name=undefined
request data: name=undefined
request data: name=undefined
request data: name=undefined
request data: name=undefined
request data: name=undefined
request data: name=undefined
request data: name=undefined
request data: name=undefined
request data: name=undefined
request data: name=undefined
request data: name=undefined
request data: name=undefined
request data: name=undefined
request data: name=undefined
request data: name=undefined
request data: name=undefined
request data: name=undefined
request data: name=undefined
request data: name=undefined
request data: name=undefined
request data: name=undefined
request data: name=undefined
request data: name=undefined
request data: name=undefined
request data: name=undefined
request data: name=undefined
request data: name=undefined
request data: name=undefined
request data: name=undefined
request data: name=undefined
request data: name=undefined
request data: name=undefined
request data: name=undefined
request data: name=undefined
request data: name=undefined
request data: name=undefined
request data: name=undefined
request data: name=undefined
request data: name=undefined
request data: name=undefined
request data: name=123
request data: name=mr_Kim
request data: name=123
request data: name=123
request data: name=123
request data: name=123
request data: name=123
request data: name=123
request data: name=
request data: name=
request data: name=
request data: name=
request data: name=
request data: name=
request data: name=
request data: name=
request data: name=
request data: name=
request data: name=123
request data: name=123
request data: name=123
request data: name=
request data: name=123
request data: name=123
request data: name=123
request data: name=123
request data: name=
request data: name=
request data: name=
request data: name=
request data: name=
request data: name=
request data: name=123
request data: name=123
request data: name=123
request data: name=
request data: name=
request data: name=
request data: name=
request data: name=
request data: name=
request data: name=
request data: name=123
request data: name=123
request data: name=
request data: name=
request data: name=123
request data: name=123
request data: name=123
request data: name=123
request data: name=123
request data: name=123
request data: name=123
request data: name=123
request data: name=123444141
request data: name=123
request data: name=123
request data: name=123
request data: name=123
request data: name=123
request data: name=123
request data: name=123
request data: name=123
request data: name=123
request data: name=123
request data: name=123
request data: name=123
request data: name=123
request data: name=123
request data: name=123
request data: name=123
request data: name=123
request data: name=123
request data: name=123
request data: name=
request data: name=
request data: name=
request data: name=
request data: name=
request data: name=
request data: name=undefined
request data: name=undefined
request data: name=undefined
request data: name=undefined
request data: name=undefined
request data: name=undefined
request data: name=
request data: name=
request data: name=1
request data: name=123
request data: name=¤·¤µ¤±
request data: name=123
request data: name=123
request data: name=null
request data: name=Mr_Kim
request data: name=123
request data: name=123
request data: name=123
